d:\cs162\finalproject\finalproject\debug\vc142.pdb
d:\cs162\finalproject\finalproject\debug\vc142.idb
d:\cs162\finalproject\finalproject\debug\main.obj
d:\cs162\finalproject\finalproject\debug\loaddata.obj
d:\cs162\finalproject\finalproject\debug\consoleedit.obj
d:\cs162\finalproject\finalproject\debug\staffclass.obj
d:\cs162\finalproject\finalproject\debug\rewritetextfile.obj
d:\cs162\finalproject\finalproject\debug\viewdata.obj
d:\cs162\finalproject\finalproject\debug\modificationfunction.obj
d:\cs162\finalproject\finalproject\debug\systemmenu.obj
d:\cs162\finalproject\finalproject\debug\checkusers.obj
d:\cs162\finalproject\finalproject\debug\deletedata.obj
d:\cs162\finalproject\finalproject\debug\add_import_students.obj
d:\cs162\finalproject\debug\finalproject.exe
d:\cs162\finalproject\debug\finalproject.ilk
d:\cs162\finalproject\debug\finalproject.pdb
d:\cs162\finalproject\finalproject\debug\finalproject.tlog\cl.command.1.tlog
d:\cs162\finalproject\finalproject\debug\finalproject.tlog\cl.read.1.tlog
d:\cs162\finalproject\finalproject\debug\finalproject.tlog\cl.write.1.tlog
d:\cs162\finalproject\finalproject\debug\finalproject.tlog\link.command.1.tlog
d:\cs162\finalproject\finalproject\debug\finalproject.tlog\link.read.1.tlog
d:\cs162\finalproject\finalproject\debug\finalproject.tlog\link.write.1.tlog
